Activating service name='org.ayatana.bamf'
Activating service name='org.a11y.Bus'
Successfully activated service 'org.a11y.Bus'
Activating service name='org.a11y.atspi.Registry'
Successfully activated service 'org.a11y.atspi.Registry'
Activating service name='ca.desrt.dconf'
Activating service name='org.gtk.vfs.Daemon'
Successfully activated service 'ca.desrt.dconf'

** (at-spi2-registryd:5772): WARNING **: Failed to register client: GDBus.Error:org.freedesktop.DBus.Error.ServiceUnknown: The name org.gnome.SessionManager was not provided by any .service files

** (at-spi2-registryd:5772): WARNING **: Unable to register client with session manager
Successfully activated service 'org.gtk.vfs.Daemon'
Successfully activated service 'org.ayatana.bamf'
Activating service name='org.gnome.GConf'
Successfully activated service 'org.gnome.GConf'
Activating service name='com.canonical.indicator.keyboard'
Activating service name='org.gnome.evolution.dataserver.Sources2'
Activating service name='org.gnome.ScreenSaver'
Successfully activated service 'com.canonical.indicator.keyboard'

** (gnome-screensaver:6119): WARNING **: Couldn't get presence status: The name org.gnome.SessionManager was not provided by any .service files
Successfully activated service 'org.gnome.ScreenSaver'
module-cache-reaper-Message: Scanning data directories
module-cache-reaper-Message: Scanning cache directories
Activating service name='org.gnome.OnlineAccounts'
Successfully activated service 'org.gnome.OnlineAccounts'
Activating service name='org.freedesktop.Telepathy.AccountManager'

(process:6194): accounts-glib-WARNING **: Error opening accounts DB: unable to open database file

(process:6194): GLib-GObject-CRITICAL **: object AgManager 0x23128a0 finalized while still in-construction

(process:6194): GLib-GObject-CRITICAL **: Custom constructor for class AgManager returned NULL (which is invalid). Please use GInitable instead.

(process:6194): accounts-glib-CRITICAL **: ag_manager_new_for_service_type: assertion 'AG_IS_MANAGER (manager)' failed

** (process:6194): CRITICAL **: mcp_account_manager_uoa_init: assertion 'self->priv->manager != NULL' failed
Successfully activated service 'org.gnome.evolution.dataserver.Sources2'
Activating service name='org.gnome.evolution.dataserver.Calendar4'

(process:6194): mcd-WARNING **: Unable to create directory '/home/cc/cs186/fa16/class/cs186-atl/.local/share/telepathy/mission-control': Permission denied

(process:6194): mcd-WARNING **: Failed to create file '/home/cc/cs186/fa16/class/cs186-atl/.local/share/telepathy/mission-control/accounts.cfg.OGF1MY': No such file or directory

** (process:6194): CRITICAL **: account_manager_uoa_list: assertion 'self->priv->manager != NULL' failed

** (process:6194): CRITICAL **: account_manager_uoa_commit: assertion 'self->priv->manager != NULL' failed

(process:6194): mcd-WARNING **: Unable to create directory '/home/cc/cs186/fa16/class/cs186-atl/.local/share/telepathy/mission-control': Permission denied

(process:6194): mcd-WARNING **: Failed to create file '/home/cc/cs186/fa16/class/cs186-atl/.local/share/telepathy/mission-control/accounts.cfg.1JE1MY': No such file or directory

** (process:6194): CRITICAL **: account_manager_uoa_ready: assertion 'self->priv->manager != NULL' failed
Successfully activated service 'org.freedesktop.Telepathy.AccountManager'
Successfully activated service 'org.gnome.evolution.dataserver.Calendar4'
Activating service name='org.gtk.vfs.Metadata'
Successfully activated service 'org.gtk.vfs.Metadata'
Activating service name='org.freedesktop.Notifications'
Successfully activated service 'org.freedesktop.Notifications'
Activating service name='org.gtk.Private.UDisks2VolumeMonitor'
Successfully activated service 'org.gtk.Private.UDisks2VolumeMonitor'
Activating service name='org.gtk.Private.GPhoto2VolumeMonitor'
Successfully activated service 'org.gtk.Private.GPhoto2VolumeMonitor'
Activating service name='org.gtk.Private.MTPVolumeMonitor'
Successfully activated service 'org.gtk.Private.MTPVolumeMonitor'
Activating service name='org.gtk.Private.AfcVolumeMonitor'
Successfully activated service 'org.gtk.Private.AfcVolumeMonitor'
** Message: Lost the name, shutting down.
Activating service name='org.gnome.zeitgeist.Engine'
Activating service name='org.gnome.zeitgeist.SimpleIndexer'
Successfully activated service 'org.gnome.zeitgeist.Engine'

(zeitgeist-datahub:6356): GLib-GObject-WARNING **: invalid (NULL) pointer instance

(zeitgeist-datahub:6356): GLib-GObject-CRITICAL **: g_signal_connect_data: assertion 'G_TYPE_CHECK_INSTANCE (instance)' failed
** Message: Index must be upgraded. Doing full rebuild
Successfully activated service 'org.gnome.zeitgeist.SimpleIndexer'
Activating service name='com.canonical.Unity.Scope.Home'
Successfully activated service 'com.canonical.Unity.Scope.Home'

(unity-scope-home:6419): unity-scope-home-WARNING **: platform-info.vala:112: Unable to read SIM properties: GDBus.Error:org.freedesktop.DBus.Error.ServiceUnknown: The name org.ofono was not provided by any .service files
Activating service name='com.canonical.Unity.Scope.Applications'
Activating service name='com.canonical.Unity.Scope.File.Gdrive'
Activating service name='com.canonical.Unity.Scope.LocalFiles'

(process:6433): unity-files-daemon-WARNING **: folder.vala:65: Failed to read favorites: Failed to open file '/home/cc/cs186/fa16/class/cs186-atl/.gtk-bookmarks': No such file or directory
Successfully activated service 'com.canonical.Unity.Scope.LocalFiles'
Successfully activated service 'com.canonical.Unity.Scope.File.Gdrive'
Successfully activated service 'com.canonical.Unity.Scope.Applications'
Activating service name='com.canonical.Unity.Scope.Music'
Successfully activated service 'com.canonical.Unity.Scope.Music'

(unity-music-daemon:6483): unity-music-daemon-WARNING **: rhythmbox-collection.vala:510: Unable to open album-art DB!

(unity-music-daemon:6483): unity-music-daemon-WARNING **: rhythmbox-collection.vala:574: Error while parsing rhythmbox DB: Error opening file: No such file or directory

(unity-scope-home:6419): unity-scope-home-WARNING **: smart-scopes-search.vala:81: Error parsing server data: <data>:1:1: Parse error: unexpected character `{', expected string constant

(unity-scope-home:6419): unity-scope-home-WARNING **: smart-scopes-search.vala:81: Error parsing server data: <data>:1:14: Parse error: unexpected character `:', expected value

(unity-scope-home:6419): unity-scope-home-WARNING **: smart-scopes-search.vala:81: Error parsing server data: <data>:1:12: Parse error: unexpected character `:', expected value

(unity-scope-home:6419): unity-scope-home-WARNING **: smart-scopes-search.vala:501: Request returned status code 400

(unity-scope-loader:6429): GLib-GIO-WARNING **: Missing callback called fullpath = /home/cc/cs186/fa16/class/cs186-atl/.config/menus/unity-lens-applications.menu


(unity-scope-home:6419): unity-scope-home-WARNING **: smart-scopes-search.vala:81: Error parsing server data: <data>:1:1: Parse error: unexpected character `{', expected string constant

(unity-scope-home:6419): unity-scope-home-WARNING **: smart-scopes-search.vala:81: Error parsing server data: <data>:1:14: Parse error: unexpected character `:', expected value

(unity-scope-home:6419): unity-scope-home-WARNING **: smart-scopes-search.vala:81: Error parsing server data: <data>:1:12: Parse error: unexpected character `:', expected value

(unity-scope-home:6419): unity-scope-home-WARNING **: smart-scopes-search.vala:501: Request returned status code 400
